<?xml version="1.0" encoding="utf-8"?><testsuites name="pytest tests"><testsuite name="pytest" errors="0" failures="0" skipped="1" tests="1" time="0.046" timestamp="2025-12-29T08:47:05.535605+00:00" hostname="agent-env-2349b2e8-6559-481b-baa6-0e4f6d2aa374"><testcase classname="" name="backend.tests.test_erp_backend" time="0.000"><skipped message="collection skipped">('/app/backend/tests/test_erp_backend.py', 14, 'Skipped: REACT_APP_BACKEND_URL not configured')</skipped></testcase></testsuite></testsuites>