<?xml version="1.0" encoding="utf-8"?><testsuites name="pytest tests"><testsuite name="pytest" errors="0" failures="0" skipped="0" tests="10" time="0.635" timestamp="2025-12-29T14:12:36.231216+00:00" hostname="agent-env-5d77e309-f87f-493a-9525-6b95b9bc67b2"><testcase classname="test_phase1_features.TestPhase1Features" name="test_unified_production_schedule_endpoint" time="0.324" /><testcase classname="test_phase1_features.TestPhase1Features" name="test_unified_schedule_shows_material_shortages" time="0.018" /><testcase classname="test_phase1_features.TestPhase1Features" name="test_material_shortages_endpoint" time="0.042" /><testcase classname="test_phase1_features.TestPhase1Features" name="test_incoterm_routing_endpoint_exists" time="0.020" /><testcase classname="test_phase1_features.TestPhase1Features" name="test_transport_inward_endpoint" time="0.007" /><testcase classname="test_phase1_features.TestPhase1Features" name="test_transport_outward_endpoint" time="0.050" /><testcase classname="test_phase1_features.TestPhase1Features" name="test_transport_outward_filters_by_type" time="0.020" /><testcase classname="test_phase1_features.TestPhase1Features" name="test_import_window_endpoint" time="0.050" /><testcase classname="test_phase1_features.TestPhase1Features" name="test_import_document_checklist_structure" time="0.049" /><testcase classname="test_phase1_features.TestPhase1Features" name="test_quotation_weight_calculation" time="0.009" /></testsuite></testsuites>