<?xml version="1.0" encoding="utf-8"?><testsuites name="pytest tests"><testsuite name="pytest" errors="1" failures="0" skipped="0" tests="1" time="0.138" timestamp="2025-12-29T14:11:34.950437+00:00" hostname="agent-env-5d77e309-f87f-493a-9525-6b95b9bc67b2"><testcase classname="" name="test_phase1_features" time="0.000"><error message="collection failure">test_phase1_features.py:15: in &lt;module&gt;
    BASE_URL = os.environ.get('REACT_APP_BACKEND_URL').rstrip('/')
               ^^^^^^^^^^^^^^^^^^^^^^^^^^^^^^^^^^^^^^^^^^^^^^
E   AttributeError: 'NoneType' object has no attribute 'rstrip'</error></testcase></testsuite></testsuites>