<?xml version="1.0" encoding="utf-8"?><testsuites name="pytest tests"><testsuite name="pytest" errors="0" failures="0" skipped="0" tests="19" time="4.410" timestamp="2025-12-30T10:59:13.257865+00:00" hostname="agent-env-df5efd92-f5f1-4613-82bb-4f26f389dd59"><testcase classname="tests.test_phase2_bugfixes.TestAuthentication" name="test_login_admin" time="0.286" /><testcase classname="tests.test_phase2_bugfixes.TestAuthentication" name="test_login_finance" time="0.263" /><testcase classname="tests.test_phase2_bugfixes.TestAuthentication" name="test_login_security" time="0.264" /><testcase classname="tests.test_phase2_bugfixes.TestSettingsPage" name="test_settings_all_endpoint" time="0.302" /><testcase classname="tests.test_phase2_bugfixes.TestSettingsPage" name="test_settings_suppliers_endpoint" time="0.039" /><testcase classname="tests.test_phase2_bugfixes.TestQuotationApproval" name="test_get_pending_quotations" time="0.299" /><testcase classname="tests.test_phase2_bugfixes.TestQuotationApproval" name="test_approve_quotation_no_500_error" time="0.460" /><testcase classname="tests.test_phase2_bugfixes.TestSecurityChecklist" name="test_create_security_checklist_no_500_error" time="0.360" /><testcase classname="tests.test_phase2_bugfixes.TestEXWIncotermRouting" name="test_get_draft_purchase_orders" time="0.293" /><testcase classname="tests.test_phase2_bugfixes.TestEXWIncotermRouting" name="test_finance_approve_exw_po_routes_to_transport" time="0.331" /><testcase classname="tests.test_phase2_bugfixes.TestTransportWindow" name="test_transport_inward_endpoint" time="0.294" /><testcase classname="tests.test_phase2_bugfixes.TestTransportWindow" name="test_transport_outward_endpoint" time="0.039" /><testcase classname="tests.test_phase2_bugfixes.TestProductionSchedule" name="test_unified_schedule_endpoint" time="0.317" /><testcase classname="tests.test_phase2_bugfixes.TestProductionSchedule" name="test_production_schedule_endpoint" time="0.052" /><testcase classname="tests.test_phase2_bugfixes.TestJobOrderStatus" name="test_get_job_orders" time="0.296" /><testcase classname="tests.test_phase2_bugfixes.TestJobOrderStatus" name="test_job_order_status_update" time="0.072" /><testcase classname="tests.test_phase2_bugfixes.TestObjectIdSerialization" name="test_quotations_no_objectid" time="0.312" /><testcase classname="tests.test_phase2_bugfixes.TestObjectIdSerialization" name="test_job_orders_no_objectid" time="0.038" /><testcase classname="tests.test_phase2_bugfixes.TestObjectIdSerialization" name="test_transport_inward_no_objectid" time="0.039" /></testsuite></testsuites>