<?xml version="1.0" encoding="utf-8"?><testsuites name="pytest tests"><testsuite name="pytest" errors="0" failures="1" skipped="0" tests="11" time="0.904" timestamp="2025-12-29T08:48:55.817401+00:00" hostname="agent-env-2349b2e8-6559-481b-baa6-0e4f6d2aa374"><testcase classname="backend.tests.test_erp_phases_8_9.TestMaterialShortages" name="test_get_procurement_shortages" time="0.323" /><testcase classname="backend.tests.test_erp_phases_8_9.TestLogisticsRouting" name="test_get_routing_options" time="0.013" /><testcase classname="backend.tests.test_erp_phases_8_9.TestLogisticsRouting" name="test_route_po" time="0.052"><failure message="AssertionError: Expected 200/201, got 520: Internal Server Error&#10;assert 520 in [200, 201]&#10; +  where 520 = &lt;Response [520]&gt;.status_code">backend/tests/test_erp_phases_8_9.py:168: in test_route_po
    assert response.status_code in [200, 201], f"Expected 200/201, got {response.status_code}: {response.text}"
E   AssertionError: Expected 200/201, got 520: Internal Server Error
E   assert 520 in [200, 201]
E    +  where 520 = &lt;Response [520]&gt;.status_code</failure></testcase><testcase classname="backend.tests.test_erp_phases_8_9.TestGRNPayablesReview" name="test_get_grns_pending_payables" time="0.246" /><testcase classname="backend.tests.test_erp_phases_8_9.TestGRNPayablesReview" name="test_payables_approve_grn" time="0.044" /><testcase classname="backend.tests.test_erp_phases_8_9.TestPayables" name="test_get_payables_bills" time="0.050" /><testcase classname="backend.tests.test_erp_phases_8_9.TestReceivables" name="test_get_receivables_invoices" time="0.009" /><testcase classname="backend.tests.test_erp_phases_8_9.TestSecurityChecklists" name="test_get_security_checklists" time="0.009" /><testcase classname="backend.tests.test_erp_phases_8_9.TestQCInspections" name="test_get_qc_inspections" time="0.050" /><testcase classname="backend.tests.test_erp_phases_8_9.TestNotificationBell" name="test_get_notification_bell" time="0.010" /><testcase classname="backend.tests.test_erp_phases_8_9" name="test_phases_8_9_summary" time="0.000" /></testsuite></testsuites>