<?xml version="1.0" encoding="utf-8"?><testsuites name="pytest tests"><testsuite name="pytest" errors="0" failures="0" skipped="0" tests="15" time="1.924" timestamp="2025-12-29T08:16:24.239441+00:00" hostname="agent-env-2349b2e8-6559-481b-baa6-0e4f6d2aa374"><testcase classname="backend.tests.test_erp_backend.TestInventoryStatus" name="test_get_inventory_items" time="0.310" /><testcase classname="backend.tests.test_erp_backend.TestInventoryStatus" name="test_get_inventory_item_availability" time="0.040" /><testcase classname="backend.tests.test_erp_backend.TestEmailOutbox" name="test_get_email_outbox" time="0.016" /><testcase classname="backend.tests.test_erp_backend.TestAutoProcurement" name="test_auto_generate_procurement" time="0.052" /><testcase classname="backend.tests.test_erp_backend.TestRFQFlow" name="test_create_rfq" time="0.097" /><testcase classname="backend.tests.test_erp_backend.TestRFQFlow" name="test_get_rfqs" time="0.014" /><testcase classname="backend.tests.test_erp_backend.TestRFQFlow" name="test_send_rfq" time="0.147" /><testcase classname="backend.tests.test_erp_backend.TestRFQFlow" name="test_update_rfq_quote" time="0.155" /><testcase classname="backend.tests.test_erp_backend.TestRFQFlow" name="test_convert_rfq_to_po" time="0.206" /><testcase classname="backend.tests.test_erp_backend.TestFinanceApproval" name="test_get_pending_approval" time="0.261" /><testcase classname="backend.tests.test_erp_backend.TestFinanceApproval" name="test_finance_approve_po" time="0.157" /><testcase classname="backend.tests.test_erp_backend.TestFinanceApproval" name="test_finance_reject_po" time="0.141" /><testcase classname="backend.tests.test_erp_backend.TestFinanceApproval" name="test_send_approved_po" time="0.239" /><testcase classname="backend.tests.test_erp_backend.TestDrumSchedule" name="test_get_drum_schedule" time="0.029" /><testcase classname="backend.tests.test_erp_backend" name="test_summary" time="0.001" /></testsuite></testsuites>