<?xml version="1.0" encoding="utf-8"?><testsuites name="pytest tests"><testsuite name="pytest" errors="0" failures="1" skipped="0" tests="15" time="2.169" timestamp="2025-12-29T08:15:17.368192+00:00" hostname="agent-env-2349b2e8-6559-481b-baa6-0e4f6d2aa374"><testcase classname="backend.tests.test_erp_backend.TestInventoryStatus" name="test_get_inventory_items" time="0.545" /><testcase classname="backend.tests.test_erp_backend.TestInventoryStatus" name="test_get_inventory_item_availability" time="0.020" /><testcase classname="backend.tests.test_erp_backend.TestEmailOutbox" name="test_get_email_outbox" time="0.048" /><testcase classname="backend.tests.test_erp_backend.TestAutoProcurement" name="test_auto_generate_procurement" time="0.008" /><testcase classname="backend.tests.test_erp_backend.TestRFQFlow" name="test_create_rfq" time="0.099" /><testcase classname="backend.tests.test_erp_backend.TestRFQFlow" name="test_get_rfqs" time="0.008" /><testcase classname="backend.tests.test_erp_backend.TestRFQFlow" name="test_send_rfq" time="0.176" /><testcase classname="backend.tests.test_erp_backend.TestRFQFlow" name="test_update_rfq_quote" time="0.183" /><testcase classname="backend.tests.test_erp_backend.TestRFQFlow" name="test_convert_rfq_to_po" time="0.194" /><testcase classname="backend.tests.test_erp_backend.TestFinanceApproval" name="test_get_pending_approval" time="0.287"><failure message="AssertionError: Expected 200, got 404: {&quot;detail&quot;:&quot;PO not found&quot;}&#10;assert 404 == 200&#10; +  where 404 = &lt;Response [404]&gt;.status_code">backend/tests/test_erp_backend.py:435: in test_get_pending_approval
    assert response.status_code == 200, f"Expected 200, got {response.status_code}: {response.text}"
E   AssertionError: Expected 200, got 404: {"detail":"PO not found"}
E   assert 404 == 200
E    +  where 404 = &lt;Response [404]&gt;.status_code</failure></testcase><testcase classname="backend.tests.test_erp_backend.TestFinanceApproval" name="test_finance_approve_po" time="0.096" /><testcase classname="backend.tests.test_erp_backend.TestFinanceApproval" name="test_finance_reject_po" time="0.170" /><testcase classname="backend.tests.test_erp_backend.TestFinanceApproval" name="test_send_approved_po" time="0.142" /><testcase classname="backend.tests.test_erp_backend.TestDrumSchedule" name="test_get_drum_schedule" time="0.016" /><testcase classname="backend.tests.test_erp_backend" name="test_summary" time="0.000" /></testsuite></testsuites>