<?xml version="1.0" encoding="utf-8"?><testsuites name="pytest tests"><testsuite name="pytest" errors="0" failures="0" skipped="0" tests="26" time="2.313" timestamp="2025-12-29T08:49:15.683850+00:00" hostname="agent-env-2349b2e8-6559-481b-baa6-0e4f6d2aa374"><testcase classname="backend.tests.test_erp_backend.TestInventoryStatus" name="test_get_inventory_items" time="0.295" /><testcase classname="backend.tests.test_erp_backend.TestInventoryStatus" name="test_get_inventory_item_availability" time="0.067" /><testcase classname="backend.tests.test_erp_backend.TestEmailOutbox" name="test_get_email_outbox" time="0.011" /><testcase classname="backend.tests.test_erp_backend.TestAutoProcurement" name="test_auto_generate_procurement" time="0.041" /><testcase classname="backend.tests.test_erp_backend.TestRFQFlow" name="test_create_rfq" time="0.045" /><testcase classname="backend.tests.test_erp_backend.TestRFQFlow" name="test_get_rfqs" time="0.011" /><testcase classname="backend.tests.test_erp_backend.TestRFQFlow" name="test_send_rfq" time="0.102" /><testcase classname="backend.tests.test_erp_backend.TestRFQFlow" name="test_update_rfq_quote" time="0.148" /><testcase classname="backend.tests.test_erp_backend.TestRFQFlow" name="test_convert_rfq_to_po" time="0.150" /><testcase classname="backend.tests.test_erp_backend.TestFinanceApproval" name="test_get_pending_approval" time="0.244" /><testcase classname="backend.tests.test_erp_backend.TestFinanceApproval" name="test_finance_approve_po" time="0.136" /><testcase classname="backend.tests.test_erp_backend.TestFinanceApproval" name="test_finance_reject_po" time="0.093" /><testcase classname="backend.tests.test_erp_backend.TestFinanceApproval" name="test_send_approved_po" time="0.107" /><testcase classname="backend.tests.test_erp_backend.TestDrumSchedule" name="test_get_drum_schedule" time="0.017" /><testcase classname="backend.tests.test_erp_backend" name="test_summary" time="0.001" /><testcase classname="backend.tests.test_erp_phases_8_9.TestMaterialShortages" name="test_get_procurement_shortages" time="0.293" /><testcase classname="backend.tests.test_erp_phases_8_9.TestLogisticsRouting" name="test_get_routing_options" time="0.010" /><testcase classname="backend.tests.test_erp_phases_8_9.TestLogisticsRouting" name="test_route_po" time="0.022" /><testcase classname="backend.tests.test_erp_phases_8_9.TestGRNPayablesReview" name="test_get_grns_pending_payables" time="0.287" /><testcase classname="backend.tests.test_erp_phases_8_9.TestGRNPayablesReview" name="test_payables_approve_grn" time="0.047" /><testcase classname="backend.tests.test_erp_phases_8_9.TestPayables" name="test_get_payables_bills" time="0.052" /><testcase classname="backend.tests.test_erp_phases_8_9.TestReceivables" name="test_get_receivables_invoices" time="0.011" /><testcase classname="backend.tests.test_erp_phases_8_9.TestSecurityChecklists" name="test_get_security_checklists" time="0.009" /><testcase classname="backend.tests.test_erp_phases_8_9.TestQCInspections" name="test_get_qc_inspections" time="0.010" /><testcase classname="backend.tests.test_erp_phases_8_9.TestNotificationBell" name="test_get_notification_bell" time="0.011" /><testcase classname="backend.tests.test_erp_phases_8_9" name="test_phases_8_9_summary" time="0.001" /></testsuite></testsuites>