<?xml version="1.0" encoding="utf-8"?><testsuites name="pytest tests"><testsuite name="pytest" errors="0" failures="1" skipped="0" tests="10" time="0.716" timestamp="2025-12-29T14:11:48.830317+00:00" hostname="agent-env-5d77e309-f87f-493a-9525-6b95b9bc67b2"><testcase classname="test_phase1_features.TestPhase1Features" name="test_unified_production_schedule_endpoint" time="0.346" /><testcase classname="test_phase1_features.TestPhase1Features" name="test_unified_schedule_shows_material_shortages" time="0.019" /><testcase classname="test_phase1_features.TestPhase1Features" name="test_material_shortages_endpoint" time="0.053" /><testcase classname="test_phase1_features.TestPhase1Features" name="test_incoterm_routing_endpoint_exists" time="0.042" /><testcase classname="test_phase1_features.TestPhase1Features" name="test_transport_inward_endpoint" time="0.049" /><testcase classname="test_phase1_features.TestPhase1Features" name="test_transport_outward_endpoint" time="0.048" /><testcase classname="test_phase1_features.TestPhase1Features" name="test_transport_outward_filters_by_type" time="0.013" /><testcase classname="test_phase1_features.TestPhase1Features" name="test_import_window_endpoint" time="0.047" /><testcase classname="test_phase1_features.TestPhase1Features" name="test_import_document_checklist_structure" time="0.007" /><testcase classname="test_phase1_features.TestPhase1Features" name="test_quotation_weight_calculation" time="0.007"><failure message="AssertionError: Total mismatch: 50000.0 vs 9000.0&#10;assert 41000.0 &lt; 0.01&#10; +  where 41000.0 = abs((50000.0 - 9000.0))">test_phase1_features.py:295: in test_quotation_weight_calculation
    assert abs(total - expected_total) &lt; 0.01, f"Total mismatch: {total} vs {expected_total}"
E   AssertionError: Total mismatch: 50000.0 vs 9000.0
E   assert 41000.0 &lt; 0.01
E    +  where 41000.0 = abs((50000.0 - 9000.0))</failure></testcase></testsuite></testsuites>