<?xml version="1.0" encoding="utf-8"?><testsuites name="pytest tests"><testsuite name="pytest" errors="0" failures="1" skipped="1" tests="12" time="3.690" timestamp="2025-12-29T11:20:55.030488+00:00" hostname="agent-env-5d77e309-f87f-493a-9525-6b95b9bc67b2"><testcase classname="backend.tests.test_new_features.TestBOMManagement" name="test_product_bom_activation" time="0.329"><skipped type="pytest.skip" message="No product BOMs exist to test activation">/app/backend/tests/test_new_features.py:41: No product BOMs exist to test activation</skipped></testcase><testcase classname="backend.tests.test_new_features.TestBOMManagement" name="test_packaging_bom_activation" time="0.306" /><testcase classname="backend.tests.test_new_features.TestInventoryStatus" name="test_inventory_items_have_status" time="0.278" /><testcase classname="backend.tests.test_new_features.TestInventoryStatus" name="test_inventory_availability_endpoint" time="0.336" /><testcase classname="backend.tests.test_new_features.TestAutoGeneratePR" name="test_auto_generate_pr_no_520_error" time="0.320" /><testcase classname="backend.tests.test_new_features.TestPayables" name="test_payables_bills_endpoint" time="0.265" /><testcase classname="backend.tests.test_new_features.TestPayables" name="test_grn_pending_payables" time="0.266"><failure message="AssertionError: assert 'review_status' in {'delivery_note': 'JOB-000001', 'grn_number': 'GRN-000003', 'id': 'a43c2439-c473-47fe-bd59-a0129f55ed28', 'items': [{'product_id': '32cfdd3f-fc2e-4def-9589-e8c258a91436', 'product_name': 'Hydraulic Oil ISO 68', 'quantity': 500.0, 'sku': 'LUB-001', ...}], ...}">backend/tests/test_new_features.py:189: in test_grn_pending_payables
    assert "review_status" in grn
E   AssertionError: assert 'review_status' in {'delivery_note': 'JOB-000001', 'grn_number': 'GRN-000003', 'id': 'a43c2439-c473-47fe-bd59-a0129f55ed28', 'items': [{'product_id': '32cfdd3f-fc2e-4def-9589-e8c258a91436', 'product_name': 'Hydraulic Oil ISO 68', 'quantity': 500.0, 'sku': 'LUB-001', ...}], ...}</failure></testcase><testcase classname="backend.tests.test_new_features.TestPayables" name="test_grn_payables_approve" time="0.271" /><testcase classname="backend.tests.test_new_features.TestReceivables" name="test_receivables_invoices_endpoint" time="0.264" /><testcase classname="backend.tests.test_new_features.TestReceivables" name="test_sales_orders_for_spa_tab" time="0.276" /><testcase classname="backend.tests.test_new_features.TestQuotationNetWeight" name="test_quotation_item_has_net_weight_field" time="0.374" /><testcase classname="backend.tests.test_new_features.TestRFQIncoterm" name="test_rfq_has_incoterm_field" time="0.304" /></testsuite></testsuites>